2016-04-08 19:39:18,914 main INFO  tool.FunctionalTest - -- Supported Storage --
2016-04-08 19:39:18,917 main INFO  jsms4pi.SerialModem - SerialModem start (constructor)
2016-04-08 19:39:18,922 main INFO  jsms4pi.SerialModem - Port opened '/dev/ttyUSB3'
2016-04-08 19:39:18,923 main INFO  jsms4pi.SerialModem - Request: AT<R>
2016-04-08 19:39:18,925 EventThread /dev/ttyUSB3 INFO  jsms4pi.SerialModem - Response: [<R><N>OK<R><N>]
2016-04-08 19:39:18,926 main INFO  jsms4pi.SerialModem - Request: ATZ<R>
2016-04-08 19:39:18,941 EventThread /dev/ttyUSB3 INFO  jsms4pi.SerialModem - Response: [<R><N>OK<R><N>]
2016-04-08 19:39:18,942 main INFO  jsms4pi.SerialModem - Request: ATE0<R>
2016-04-08 19:39:18,951 EventThread /dev/ttyUSB3 INFO  jsms4pi.SerialModem - Response: [ATE0<R><R><N>OK<R><N>]
2016-04-08 19:39:18,951 main INFO  jsms4pi.SerialModem - Request: AT+CPMS=?<R>
2016-04-08 19:39:18,960 EventThread /dev/ttyUSB3 INFO  jsms4pi.SerialModem - Response: [<R><N>+CPMS: ("ME","MT","SM","SR"),("ME","MT","SM","SR"),("ME","MT","SM","SR")<R><N><R><N>OK<R><N>]
2016-04-08 19:39:18,960 main INFO  tool.FunctionalTest - Memory1: 'ME'
2016-04-08 19:39:18,960 main INFO  tool.FunctionalTest - Memory1: 'MT'
2016-04-08 19:39:18,960 main INFO  tool.FunctionalTest - Memory1: 'SM'
2016-04-08 19:39:18,960 main INFO  tool.FunctionalTest - Memory1: 'SR'
2016-04-08 19:39:18,960 main INFO  tool.FunctionalTest - Memory2: 'ME'
2016-04-08 19:39:18,960 main INFO  tool.FunctionalTest - Memory2: 'MT'
2016-04-08 19:39:18,960 main INFO  tool.FunctionalTest - Memory2: 'SM'
2016-04-08 19:39:18,960 main INFO  tool.FunctionalTest - Memory2: 'SR'
2016-04-08 19:39:18,961 main INFO  tool.FunctionalTest - Memory3: 'ME'
2016-04-08 19:39:18,961 main INFO  tool.FunctionalTest - Memory3: 'MT'
2016-04-08 19:39:18,961 main INFO  tool.FunctionalTest - Memory3: 'SM'
2016-04-08 19:39:18,961 main INFO  tool.FunctionalTest - Memory3: 'SR'
2016-04-08 19:39:19,463 main INFO  tool.FunctionalTest - -- Modem Info --
2016-04-08 19:39:19,463 main INFO  jsms4pi.SerialModem - SerialModem start (constructor)
2016-04-08 19:39:19,464 main INFO  jsms4pi.SerialModem - Port opened '/dev/ttyUSB3'
2016-04-08 19:39:19,464 main INFO  jsms4pi.SerialModem - Request: AT<R>
2016-04-08 19:39:19,467 EventThread /dev/ttyUSB3 INFO  jsms4pi.SerialModem - Response: [<R><N>OK<R><N>]
2016-04-08 19:39:19,467 main INFO  jsms4pi.SerialModem - Request: ATZ<R>
2016-04-08 19:39:19,481 EventThread /dev/ttyUSB3 INFO  jsms4pi.SerialModem - Response: [<R><N>OK<R><N>]
2016-04-08 19:39:19,482 main INFO  jsms4pi.SerialModem - Request: ATE0<R>
2016-04-08 19:39:19,491 EventThread /dev/ttyUSB3 INFO  jsms4pi.SerialModem - Response: [ATE0<R><R><N>OK<R><N>]
2016-04-08 19:39:19,492 main INFO  jsms4pi.SerialModem - Request: AT+GMI<R>
2016-04-08 19:39:19,500 EventThread /dev/ttyUSB3 INFO  jsms4pi.SerialModem - Response: [<R><N>QUALCOMM INCORPORATED<R><N><R><N>OK<R><N>]
2016-04-08 19:39:19,500 main INFO  jsms4pi.SerialModem - Request: AT+CGMM<R>
2016-04-08 19:39:19,503 EventThread /dev/ttyUSB3 INFO  jsms4pi.SerialModem - Response: [<R><N>8<R><N><R><N>OK<R><N>]
2016-04-08 19:39:19,503 main INFO  jsms4pi.SerialModem - Request: AT+CGSN<R>
2016-04-08 19:39:19,512 EventThread /dev/ttyUSB3 INFO  jsms4pi.SerialModem - Response: [<R><N>863745010357750<R><N><R><N>OK<R><N>]
2016-04-08 19:39:20,015 main INFO  tool.FunctionalTest - -- Inbound Call --
2016-04-08 19:39:20,017 main INFO  jsms4pi.SerialModem - SerialModem start (constructor)
2016-04-08 19:39:20,019 main INFO  jsms4pi.SerialModem - Port opened '/dev/ttyUSB3'
2016-04-08 19:39:20,019 main INFO  jsms4pi.SerialModem - Request: AT<R>
2016-04-08 19:39:20,023 EventThread /dev/ttyUSB3 INFO  jsms4pi.SerialModem - Response: [<R><N>OK<R><N>]
2016-04-08 19:39:20,023 main INFO  jsms4pi.SerialModem - Request: ATZ<R>
2016-04-08 19:39:20,037 EventThread /dev/ttyUSB3 INFO  jsms4pi.SerialModem - Response: [<R><N>OK<R><N>]
2016-04-08 19:39:20,038 main INFO  jsms4pi.SerialModem - Request: ATE0<R>
2016-04-08 19:39:20,040 EventThread /dev/ttyUSB3 INFO  jsms4pi.SerialModem - Response: [ATE0<R><R><N>OK<R><N>]
2016-04-08 19:39:20,041 main INFO  jsms4pi.SerialModem - Request: AT+CLIP=1<R>
2016-04-08 19:39:20,049 EventThread /dev/ttyUSB3 INFO  jsms4pi.SerialModem - Response: [<R><N>OK<R><N>]
2016-04-08 19:39:30,030 EventThread /dev/ttyUSB3 INFO  jsms4pi.SerialModem - Detected notification: [+CLIP: "+420739474009",145,,,,0]
2016-04-08 19:39:30,031 EventThread /dev/ttyUSB3 INFO  jsms4pi.SerialModem - Added notification +CLIP: "+420739474009",145,,,,0
2016-04-08 19:39:30,031 Thread-10 INFO  tool.FunctionalTest - countdown interrupted
2016-04-08 19:39:30,231 SerialNotifyThread INFO  jsms4pi.SerialModem - new notification --> Gateway
2016-04-08 19:39:30,975 EventThread /dev/ttyUSB3 INFO  jsms4pi.SerialModem - Detected unknow notification: [RING]
2016-04-08 19:39:30,975 EventThread /dev/ttyUSB3 INFO  jsms4pi.SerialModem - Detected unknow notification: []
2016-04-08 19:39:30,975 EventThread /dev/ttyUSB3 INFO  jsms4pi.SerialModem - Detected notification: [+CLIP: "+420739474009",145,,,,0]
2016-04-08 19:39:30,975 EventThread /dev/ttyUSB3 INFO  jsms4pi.SerialModem - Added notification +CLIP: "+420739474009",145,,,,0
2016-04-08 19:39:30,975 SerialNotifyThread INFO  jsms4pi.SerialModem - new notification --> Gateway
2016-04-08 19:39:40,493 main INFO  tool.FunctionalTest - -- SMS default --
2016-04-08 19:39:40,497 main INFO  jsms4pi.SerialModem - SerialModem start (constructor)
2016-04-08 19:39:40,499 main INFO  jsms4pi.SerialModem - Port opened '/dev/ttyUSB3'
2016-04-08 19:39:40,499 main INFO  jsms4pi.SerialModem - Request: AT<R>
2016-04-08 19:39:40,504 EventThread /dev/ttyUSB3 INFO  jsms4pi.SerialModem - Response: [<R><N>OK<R><N>]
2016-04-08 19:39:40,504 main INFO  jsms4pi.SerialModem - Request: ATZ<R>
2016-04-08 19:39:40,518 EventThread /dev/ttyUSB3 INFO  jsms4pi.SerialModem - Response: [<R><N>OK<R><N>]
2016-04-08 19:39:40,518 main INFO  jsms4pi.SerialModem - Request: ATE0<R>
2016-04-08 19:39:40,522 EventThread /dev/ttyUSB3 INFO  jsms4pi.SerialModem - Response: [ATE0<R><R><N>OK<R><N>]
2016-04-08 19:39:40,523 main INFO  jsms4pi.SerialModem - Request: AT+CMGF=1<R>
2016-04-08 19:39:40,529 EventThread /dev/ttyUSB3 INFO  jsms4pi.SerialModem - Response: [<R><N>OK<R><N>]
2016-04-08 19:39:40,529 main INFO  jsms4pi.SerialModem - Request: AT+CSMP=49,167,0,0<R>
2016-04-08 19:39:40,572 EventThread /dev/ttyUSB3 INFO  jsms4pi.SerialModem - Response: [<R><N>OK<R><N>]
2016-04-08 19:39:40,573 main INFO  jsms4pi.SerialModem - Request: AT+CPMS="ME","ME","ME"<R>
2016-04-08 19:39:40,578 EventThread /dev/ttyUSB3 INFO  jsms4pi.SerialModem - Response: [<R><N>+CPMS: 0,23,0,23,0,23<R><N><R><N>OK<R><N>]
2016-04-08 19:39:40,579 main INFO  jsms4pi.SerialModem - Request: AT+CNMI=2,1,0,2<R>
2016-04-08 19:39:40,583 EventThread /dev/ttyUSB3 INFO  jsms4pi.SerialModem - Response: [<R><N>OK<R><N><R><N>+CMTI: "ME",2<R><N>]
2016-04-08 19:39:40,584 main INFO  jsms4pi.SerialModem - Request: AT+CSCA="1234",145<R>
2016-04-08 19:39:40,625 EventThread /dev/ttyUSB3 INFO  jsms4pi.SerialModem - Response: [<R><N>OK<R><N>]
2016-04-08 19:39:40,625 main INFO  jsms4pi.SerialModem - Request: AT+CMGS="731810967"<R>
2016-04-08 19:39:40,630 EventThread /dev/ttyUSB3 INFO  jsms4pi.SerialModem - Response: [<R><N>> ]
2016-04-08 19:39:40,630 main INFO  jsms4pi.SerialModem - Request: jSMS4Pi, a simple Java library for sending SMS
2016-04-08 19:39:42,282 EventThread /dev/ttyUSB3 INFO  jsms4pi.SerialModem - Response: [<R><N><R><N>+CMGS: 201<R><N><R><N>OK<R><N>]
2016-04-08 19:39:42,459 EventThread /dev/ttyUSB3 INFO  jsms4pi.SerialModem - Detected notification: [+CMTI: "ME",0]
2016-04-08 19:39:42,460 EventThread /dev/ttyUSB3 INFO  jsms4pi.SerialModem - Added notification +CMTI: "ME",0
2016-04-08 19:39:42,461 SerialNotifyThread INFO  jsms4pi.SerialModem - Request: AT+CPMS="ME"<R>
2016-04-08 19:39:42,465 EventThread /dev/ttyUSB3 INFO  jsms4pi.SerialModem - Response: [<R><N>+CPMS: 1,23,1,23,1,23<R><N><R><N>OK<R><N>]
2016-04-08 19:39:42,465 SerialNotifyThread INFO  jsms4pi.SerialModem - Request: AT+CMGR=0<R>
2016-04-08 19:39:42,485 EventThread /dev/ttyUSB3 INFO  jsms4pi.SerialModem - Response: [<R><N>+CMGR: "REC UNREAD","+420731810967",,"16/04/08,19:39:42+08"<R><N>jSMS4Pi, a simple Java library for sending SMS<R><N><R><N>OK<R><N>]
2016-04-08 19:39:42,486 SerialNotifyThread INFO  jsms4pi.SerialModem - Request: AT+CMGD=0,0<R>
2016-04-08 19:39:42,501 EventThread /dev/ttyUSB3 INFO  jsms4pi.SerialModem - Response: [<R><N>OK<R><N>]
2016-04-08 19:39:42,501 SerialNotifyThread INFO  jsms4pi.SerialModem - Request: AT+CPMS="SM"<R>
2016-04-08 19:39:42,504 EventThread /dev/ttyUSB3 INFO  jsms4pi.SerialModem - Response: [<R><N>+CPMS: 20,20,0,23,0,23<R><N><R><N>OK<R><N>]
2016-04-08 19:39:42,505 SerialNotifyThread INFO  jsms4pi.SerialModem - new notification --> Gateway
2016-04-08 19:39:48,286 EventThread /dev/ttyUSB3 INFO  jsms4pi.SerialModem - Detected notification: [+CDSI: "SR",0]
2016-04-08 19:39:48,286 EventThread /dev/ttyUSB3 INFO  jsms4pi.SerialModem - Added notification +CDSI: "SR",0
2016-04-08 19:39:48,287 SerialNotifyThread INFO  jsms4pi.SerialModem - Request: AT<R>
2016-04-08 19:39:48,289 EventThread /dev/ttyUSB3 INFO  jsms4pi.SerialModem - Response: [<R><N>OK<R><N>]
2016-04-08 19:39:48,290 SerialNotifyThread INFO  jsms4pi.SerialModem - Request: AT+CPMS="SR"<R>
2016-04-08 19:39:48,299 EventThread /dev/ttyUSB3 INFO  jsms4pi.SerialModem - Response: [<R><N>+CPMS: 0,0,0,23,0,23<R><N><R><N>OK<R><N>]
2016-04-08 19:39:48,300 SerialNotifyThread INFO  jsms4pi.SerialModem - Request: AT+CMGR=0<R>
2016-04-08 19:39:48,307 EventThread /dev/ttyUSB3 INFO  jsms4pi.SerialModem - Response: [<R><N>+CMS ERROR: 321<R><N>]
2016-04-08 19:39:48,308 Thread-11 INFO  tool.FunctionalTest - countdown interrupted
2016-04-08 19:39:48,508 SerialNotifyThread INFO  jsms4pi.SerialModem - new notification --> Gateway
2016-04-08 19:39:49,009 main INFO  tool.FunctionalTest - -- SMS second --
2016-04-08 19:39:49,010 main INFO  jsms4pi.SerialModem - SerialModem start (constructor)
2016-04-08 19:39:49,011 main INFO  jsms4pi.SerialModem - Port opened '/dev/ttyUSB3'
2016-04-08 19:39:49,011 main INFO  jsms4pi.SerialModem - Request: AT<R>
2016-04-08 19:39:49,019 EventThread /dev/ttyUSB3 INFO  jsms4pi.SerialModem - Response: [<R><N>OK<R><N>]
2016-04-08 19:39:49,019 main INFO  jsms4pi.SerialModem - Request: ATZ<R>
2016-04-08 19:39:49,026 EventThread /dev/ttyUSB3 INFO  jsms4pi.SerialModem - Response: [<R><N>OK<R><N>]
2016-04-08 19:39:49,026 main INFO  jsms4pi.SerialModem - Request: ATE0<R>
2016-04-08 19:39:49,029 EventThread /dev/ttyUSB3 INFO  jsms4pi.SerialModem - Response: [ATE0<R><R><N>OK<R><N>]
2016-04-08 19:39:49,030 main INFO  jsms4pi.SerialModem - Request: AT+CMGF=1<R>
2016-04-08 19:39:49,036 EventThread /dev/ttyUSB3 INFO  jsms4pi.SerialModem - Response: [<R><N>OK<R><N>]
2016-04-08 19:39:49,036 main INFO  jsms4pi.SerialModem - Request: AT+CSMP=49,167,0,0<R>
2016-04-08 19:39:49,081 EventThread /dev/ttyUSB3 INFO  jsms4pi.SerialModem - Response: [<R><N>OK<R><N>]
2016-04-08 19:39:49,081 main INFO  jsms4pi.SerialModem - Request: AT+CPMS="ME","ME","ME"<R>
2016-04-08 19:39:49,084 EventThread /dev/ttyUSB3 INFO  jsms4pi.SerialModem - Response: [<R><N>+CPMS: 0,23,0,23,0,23<R><N><R><N>OK<R><N>]
2016-04-08 19:39:49,085 main INFO  jsms4pi.SerialModem - Request: AT+CNMI=1,2,0,1<R>
2016-04-08 19:39:49,095 EventThread /dev/ttyUSB3 INFO  jsms4pi.SerialModem - Response: [<R><N>OK<R><N>]
2016-04-08 19:39:49,095 main INFO  jsms4pi.SerialModem - Request: AT+CSCA="1234",145<R>
2016-04-08 19:39:49,130 EventThread /dev/ttyUSB3 INFO  jsms4pi.SerialModem - Response: [<R><N>OK<R><N>]
2016-04-08 19:39:49,131 main INFO  jsms4pi.SerialModem - Request: AT+CMGS="731810967"<R>
2016-04-08 19:39:49,133 EventThread /dev/ttyUSB3 INFO  jsms4pi.SerialModem - Response: [<R><N>> ]
2016-04-08 19:39:49,133 main INFO  jsms4pi.SerialModem - Request: jSMS4Pi, a simple Java library for sending SMS
2016-04-08 19:39:51,346 EventThread /dev/ttyUSB3 INFO  jsms4pi.SerialModem - Response: [<R><N><R><N>+CMGS: 202<R><N><R><N>OK<R><N>]
2016-04-08 19:39:51,491 EventThread /dev/ttyUSB3 INFO  jsms4pi.SerialModem - Detected notification: [+CMT: "+420731810967",,"16/04/08,19:39:51+08"<R><N>jSMS4Pi, a simple Java library for sending SMS]
2016-04-08 19:39:51,491 EventThread /dev/ttyUSB3 INFO  jsms4pi.SerialModem - Added notification +CMT: "+420731810967",,"16/04/08,19:39:51+08"
jSMS4Pi, a simple Java library for sending SMS
2016-04-08 19:39:51,492 SerialNotifyThread INFO  jsms4pi.SerialModem - new notification --> Gateway
2016-04-08 19:39:57,313 EventThread /dev/ttyUSB3 INFO  jsms4pi.SerialModem - Detected notification: [+CDS: 6,202,"+420731810967",145,"16/04/08,19:39:51+08","16/04/08,19:39:51+08",0]
2016-04-08 19:39:57,313 EventThread /dev/ttyUSB3 INFO  jsms4pi.SerialModem - Added notification +CDS: 6,202,"+420731810967",145,"16/04/08,19:39:51+08","16/04/08,19:39:51+08",0
2016-04-08 19:39:57,313 Thread-14 INFO  tool.FunctionalTest - countdown interrupted
2016-04-08 19:39:57,513 SerialNotifyThread INFO  jsms4pi.SerialModem - new notification --> Gateway
